<?xml version="1.0" encoding="UTF-8"?>
<!-- Generated by org.testng.reporters.JUnitReportReporter -->
<testsuite hostname="DESKTOP-TNIL84B" failures="0" tests="1" name="phase2lmsapihackathon.runner.Runner" time="3.595" errors="0" timestamp="2024-03-28T15:49:24 GMT-04:00" skipped="0">
  <testcase classname="phase2lmsapihackathon.runner.Runner" name="runScenario" time="3.595"/>
</testsuite> <!-- phase2lmsapihackathon.runner.Runner -->
